[debug] [2018-01-02T10:34:04.763Z] ----------------------------------------------------------------------
[debug] [2018-01-02T10:34:04.765Z] Command:       C:\Program Files\nodejs\node.exe C:\Users\fales\AppData\Roaming\npm\node_modules\firebase-tools\bin\firebase serve
[debug] [2018-01-02T10:34:04.765Z] CLI Version:   3.16.0
[debug] [2018-01-02T10:34:04.765Z] Platform:      win32
[debug] [2018-01-02T10:34:04.765Z] Node Version:  v9.2.0
[debug] [2018-01-02T10:34:04.766Z] Time:          Tue Jan 02 2018 12:34:04 GMT+0200 (FLE Standard Time)
[debug] [2018-01-02T10:34:04.766Z] ----------------------------------------------------------------------
[debug] 
[debug] [2018-01-02T10:34:04.776Z] > command requires scopes: ["email","openid","https://www.googleapis.com/auth/cloudplatformprojects.readonly","https://www.googleapis.com/auth/firebase","https://www.googleapis.com/auth/cloud-platform"]
[debug] [2018-01-02T10:34:04.776Z] > authorizing via signed-in user
[debug] [2018-01-02T10:34:04.778Z] > refreshing access token with scopes: ["email","https://www.googleapis.com/auth/cloud-platform","https://www.googleapis.com/auth/cloudplatformprojects.readonly","https://www.googleapis.com/auth/firebase","openid"]
[debug] [2018-01-02T10:34:04.778Z] >>> HTTP REQUEST POST https://www.googleapis.com/oauth2/v3/token  
 { refresh_token: '1/fjNPIQqp1nmgKwUCTG-Z3WKcKX-ekpZFckRQb_UxP4oaRF1WQZASTJG1UUHY4xrM',
  client_id: '563584335869-fgrhgmd47bqnekij5i8b5pr03ho849e6.apps.googleusercontent.com',
  client_secret: 'j9iVZfS8kkCEFUPaAeJV0sAi',
  grant_type: 'refresh_token',
  scope: 'email https://www.googleapis.com/auth/cloud-platform https://www.googleapis.com/auth/cloudplatformprojects.readonly https://www.googleapis.com/auth/firebase openid' } 
 Tue Jan 02 2018 12:34:04 GMT+0200 (FLE Standard Time)
[debug] [2018-01-02T10:34:04.991Z] <<< HTTP RESPONSE 200
[debug] [2018-01-02T10:34:04.995Z] >>> HTTP REQUEST GET https://admin.firebase.com/v1/projects/lynskriver  
  
 Tue Jan 02 2018 12:34:04 GMT+0200 (FLE Standard Time)
[debug] [2018-01-02T10:34:05.835Z] <<< HTTP RESPONSE 200
[debug] [2018-01-02T10:34:05.835Z] >>> HTTP REQUEST GET https://admin.firebase.com/v1/database/lynskriver/tokens  
  
 Tue Jan 02 2018 12:34:05 GMT+0200 (FLE Standard Time)
[debug] [2018-01-02T10:34:07.012Z] <<< HTTP RESPONSE 200
[info] 
[info] === Serving from 'E:\Programming\Polymer\interText\lynskriver'...
[info] 
[debug] [2018-01-02T10:34:07.014Z] >>> HTTP REQUEST GET https://cloudresourcemanager.googleapis.com/v1/projects/lynskriver  
  
 Tue Jan 02 2018 12:34:07 GMT+0200 (FLE Standard Time)
[debug] [2018-01-02T10:34:07.972Z] <<< HTTP RESPONSE 200
[debug] [2018-01-02T10:34:07.972Z] >>> HTTP REQUEST GET https://mobilesdk-pa.googleapis.com/v1/projects/839260009147/clients/_:getWebAppConfig  
  
 Tue Jan 02 2018 12:34:07 GMT+0200 (FLE Standard Time)
[debug] [2018-01-02T10:34:08.956Z] <<< HTTP RESPONSE 200
[info] i  hosting: Serving hosting files from: /
[info] +  hosting: Local server: http://localhost:5000

